<?xml version="1.0" encoding="UTF-8"?>
<!-- Generated by org.testng.reporters.JUnitReportReporter -->
<testsuite hostname="DESKTOP-QBF8APR" failures="0" tests="2" name="day43.BAClass" time="0.006" errors="0" timestamp="2024-08-23T19:39:25 IST" skipped="0">
  <testcase classname="day43.BAClass" name="search" time="0.005"/>
  <system-out/>
  <testcase classname="day43.BAClass" name="advancedsearch" time="0.001"/>
  <system-out/>
</testsuite> <!-- day43.BAClass -->
