<?xml version="1.0" encoding="UTF-8"?>
<!-- Generated by org.testng.reporters.JUnitReportReporter -->
<testsuite hostname="DESKTOP-QBF8APR" failures="0" tests="2" name="day43.AnnotationsDemo1" time="0.054" errors="0" timestamp="2024-08-23T19:33:48 IST" skipped="0">
  <testcase classname="day43.AnnotationsDemo1" name="search" time="0.037"/>
  <system-out/>
  <testcase classname="day43.AnnotationsDemo1" name="advancedsearch" time="0.017"/>
  <system-out/>
</testsuite> <!-- day43.AnnotationsDemo1 -->
