<?xml version="1.0" encoding="UTF-8"?>
<!-- Generated by org.testng.reporters.JUnitReportReporter -->
<testsuite hostname="DESKTOP-QBF8APR" failures="0" tests="4" name="day42.OrangeHRM" time="22.183" errors="0" timestamp="2024-08-23T17:50:40 IST" skipped="0">
  <testcase classname="day42.OrangeHRM" name="open" time="16.768"/>
  <system-out/>
  <testcase classname="day42.OrangeHRM" name="logo" time="3.087"/>
  <system-out/>
  <testcase classname="day42.OrangeHRM" name="login" time="2.006"/>
  <system-out/>
  <testcase classname="day42.OrangeHRM" name="close" time="0.322"/>
  <system-out/>
</testsuite> <!-- day42.OrangeHRM -->
