<?xml version="1.0" encoding="UTF-8"?>
<!-- Generated by org.testng.reporters.JUnitReportReporter -->
<testsuite hostname="DESKTOP-QBF8APR" failures="0" tests="3" name="day42.Firsttc" time="0.003" errors="0" timestamp="2024-08-23T17:50:40 IST" skipped="0">
  <testcase classname="day42.Firsttc" name="openapp" time="0.001"/>
  <system-out/>
  <testcase classname="day42.Firsttc" name="login" time="0.001"/>
  <system-out/>
  <testcase classname="day42.Firsttc" name="logout" time="0.001"/>
  <system-out/>
</testsuite> <!-- day42.Firsttc -->
