<?xml version="1.0" encoding="UTF-8"?>
<!-- Generated by org.testng.reporters.JUnitReportReporter -->
<testsuite hostname="DESKTOP-QBF8APR" failures="0" tests="2" name="day44.PaymentTests" time="0.056" errors="0" timestamp="2024-08-23T21:19:31 IST" skipped="0">
  <testcase classname="day44.PaymentTests" name="paymentinrs" time="0.054"/>
  <system-out/>
  <testcase classname="day44.PaymentTests" name="paymentindollars" time="0.002"/>
  <system-out/>
</testsuite> <!-- day44.PaymentTests -->
