<?xml version="1.0" encoding="UTF-8"?>
<!-- Generated by org.testng.reporters.JUnitReportReporter -->
<testsuite hostname="DESKTOP-QBF8APR" failures="0" tests="3" name="day44.SignUptests" time="0.012" errors="0" timestamp="2024-08-23T21:09:12 IST" skipped="0">
  <testcase classname="day44.SignUptests" name="signupByEmail" time="0.001"/>
  <system-out/>
  <testcase classname="day44.SignUptests" name="signupByFacebook" time="0.010"/>
  <system-out/>
  <testcase classname="day44.SignUptests" name="signupByX" time="0.001"/>
  <system-out/>
</testsuite> <!-- day44.SignUptests -->
