<?xml version="1.0" encoding="UTF-8"?>
<!-- Generated by org.testng.reporters.JUnitReportReporter -->
<testsuite hostname="DESKTOP-QBF8APR" failures="0" tests="1" name="day47.LoginTest" time="3.879" errors="0" timestamp="2024-08-24T21:03:13 IST" skipped="0">
  <testcase classname="day47.LoginTest" name="testLogin" time="3.879"/>
  <system-out/>
</testsuite> <!-- day47.LoginTest -->
