<?xml version="1.0" encoding="UTF-8"?>
<!-- Generated by org.testng.reporters.JUnitReportReporter -->
<testsuite hostname="DESKTOP-QBF8APR" failures="0" tests="2" name="day43.pack.C3" time="0.003" errors="0" timestamp="2024-08-23T20:00:49 IST" skipped="0">
  <testcase classname="day43.pack.C3" name="pqr" time="0.001"/>
  <system-out/>
  <testcase classname="day43.pack.C3" name="pqr" time="0.002"/>
  <system-out/>
</testsuite> <!-- day43.pack.C3 -->
