<?xml version="1.0" encoding="UTF-8"?>
<!-- Generated by org.testng.reporters.JUnitReportReporter -->
<testsuite hostname="DESKTOP-QBF8APR" failures="0" tests="6" name="day45.ParallelXMLDemo" time="0.271" errors="0" timestamp="2024-08-24T14:55:16 IST" skipped="0">
  <testcase classname="day45.ParallelXMLDemo" name="testLogo" time="0.054"/>
  <system-out/>
  <testcase classname="day45.ParallelXMLDemo" name="testLogo" time="0.122"/>
  <system-out/>
  <testcase classname="day45.ParallelXMLDemo" name="testTitle" time="0.032"/>
  <system-out/>
  <testcase classname="day45.ParallelXMLDemo" name="testTitle" time="0.043"/>
  <system-out/>
  <testcase classname="day45.ParallelXMLDemo" name="testURL" time="0.011"/>
  <system-out/>
  <testcase classname="day45.ParallelXMLDemo" name="testURL" time="0.009"/>
  <system-out/>
</testsuite> <!-- day45.ParallelXMLDemo -->
