<?xml version="1.0" encoding="UTF-8"?>
<!-- Generated by org.testng.reporters.JUnitReportReporter -->
<testsuite hostname="DESKTOP-QBF8APR" failures="0" tests="3" name="day44.LoginTests" time="0.028" errors="0" timestamp="2024-08-23T21:09:12 IST" skipped="0">
  <testcase classname="day44.LoginTests" name="loginByEmail" time="0.008"/>
  <system-out/>
  <testcase classname="day44.LoginTests" name="loginByFacebook" time="0.013"/>
  <system-out/>
  <testcase classname="day44.LoginTests" name="loginByX" time="0.007"/>
  <system-out/>
</testsuite> <!-- day44.LoginTests -->
