<?xml version="1.0" encoding="UTF-8"?>
<!-- Generated by org.testng.reporters.JUnitReportReporter -->
<testsuite hostname="DESKTOP-QBF8APR" failures="0" tests="2" name="day43.pack.C1" time="0.021" errors="0" timestamp="2024-08-23T20:00:49 IST" skipped="0">
  <testcase classname="day43.pack.C1" name="abc" time="0.006"/>
  <system-out/>
  <testcase classname="day43.pack.C1" name="abc" time="0.015"/>
  <system-out/>
</testsuite> <!-- day43.pack.C1 -->
